Start:   Create circuit
End:     Create circuit ............................................................26.409ms
Start:   Artifact deserialization
DEBUG: vk.transcript_repr = 0x065f210920d32a8fd4e2327f85411b190b744713f7170664f6ccd0d383862bf7
End:     Artifact deserialization ..................................................7.649s
Start:   Prover 0 create_proof
[T=0] Enter create_proof with 1 circuit instances
[T=1678] Start collecting instance polys
[T=1678] P::QUERY_INSTANCE = false
[T=1678] Done collecting all instance polys
[T=1678] Start generating 181 advice columns and 2 challenges
[T=1892] Start advice/challenge phase 0
[T=1892] Start advice/challenge circuit 0
[T=2402] Start synthesizing circuit
[T=4298] Done synthesizing circuit
[T=5913] Start blinding advice columns
[T=5914] Done blinding advice columns
[T=5914] Start committing to advice columns
[T=9537] Done committing to advice columns
[T=9575] Done advice/challenge circuit 0
[T=9575] Start generating challenges
[T=9575] Done generating challenges
[T=9575] Done advice/challenge phase 0
[T=9575] Start advice/challenge phase 1
[T=9575] Start advice/challenge circuit 0
[T=10024] Start synthesizing circuit
[T=10170] Done synthesizing circuit
[T=10333] Start blinding advice columns
[T=10333] Done blinding advice columns
[T=10333] Start committing to advice columns
[T=10430] Done committing to advice columns
[T=10434] Done advice/challenge circuit 0
[T=10434] Start generating challenges
[T=10434] Done generating challenges
[T=10434] Done advice/challenge phase 1
[T=10434] Start advice/challenge phase 2
[T=10434] Start advice/challenge circuit 0
[T=10783] Start synthesizing circuit
[T=10930] Done synthesizing circuit
[T=11383] Start blinding advice columns
[T=11383] Done blinding advice columns
[T=11383] Start committing to advice columns
[T=12088] Done committing to advice columns
[T=12094] Done advice/challenge circuit 0
[T=12094] Start generating challenges
[T=12094] Done generating challenges
[T=12094] Done advice/challenge phase 2
[T=12094] Done generating 181 advice columns and 2 challenges
[T=12094] Start committing to permuted values for lookups
[T=25428] Done committing to permuted values for lookups
[T=25428] Start committing to permutations
[T=25898] Done committing to permutations
[T=25898] Start constructing / committing to lookups
[T=36126] Done constructing / committing to lookups
[T=36126] Start constructing / committing to shuffles
[T=36126] Done constructing / committing to shuffles
[T=36126] Start committing to vanishing argument
[T=36522] Done committing to vanishing argument
[T=36522] Start computing advice polynomials
[T=42115] Done computing advice polynomials
[T=42115] Start evaluating h polynomial
Inputs for evaluate_h:
  challenges: [0x02bb4112d4363f458ccefbd4ba9c9d5d7fc1011ec970c3e3d6596ed9b2ba5d87, 0x03e7dd040498fc8bd565bcd6ce89de0c4a2c5f441590b9e91c6edb2ccaf2efbd]
  y: 0x27f844ddac39393d065d0f5446f358cce1be653e80e966b31a29509fcf6b8bb0
  beta: 0x15d10084b63b9af5de23a93e7f04efaed6b0318d29df21cd4ba0d954a14157a5
  gamma: 0x16356bd918955cd631d75985b3bb6d7d8e31d41904c1b92f0025b0bfe3d67116
  theta: 0x2915a7ab58d3e729ee5c78033dc4c023605c91cef7c18ef395511f999c237c3a
[T=42115] Start computing advice cosets
[T=107035] Done computing advice cosets
[T=107035] Start computing instance cosets
[T=107035] Done computing instance cosets
[T=107043] Start evaluating custom gates
